# JRE version: OpenJDK Runtime Environment (17.0.6) (build 17.0.6+0-b2043.56-9586694)
# Java VM: OpenJDK 64-Bit Server VM (17.0.6+0-b2043.56-9586694, mixed mode, tiered, compressed oops, compressed class ptrs, g1 gc, windows-amd64)
GC Precious Log:
 CPUs: 8 total, 8 available
 Memory: 7103M
 Large Page Support: Disabled
 NUMA Support: Disabled
 Compressed Oops: Enabled (32-bit)
 Heap Region Size: 1M
 Heap Min Capacity: 8M
 Heap Initial Capacity: 112M
 Heap Max Capacity: 2G
 Pre-touch: Disabled
 Parallel Workers: 8
 Concurrent Workers: 2
 Concurrent Refinement Workers: 8
 Periodic GC: Disabled
Heap:
 garbage-first heap   total 71680K, used 45298K [0x0000000080000000, 0x0000000100000000)
  region size 1024K, 3 young (3072K), 2 survivors (2048K)
 Metaspace       used 50565K, committed 50944K, reserved 1097728K
  class space    used 6627K, committed 6784K, reserved 1048576K
GC Heap History (20 events):
Event: 9.781 GC heap before
{Heap before GC invocations=9 (full 0):
 garbage-first heap   total 65536K, used 44511K [0x0000000080000000, 0x0000000100000000)
  region size 1024K, 23 young (23552K), 1 survivors (1024K)
 Metaspace       used 39190K, committed 39488K, reserved 1089536K
  class space    used 5169K, committed 5312K, reserved 1048576K
}
Event: 9.787 GC heap after
{Heap after GC invocations=10 (full 0):
 garbage-first heap   total 65536K, used 26336K [0x0000000080000000, 0x0000000100000000)
  region size 1024K, 3 young (3072K), 3 survivors (3072K)
 Metaspace       used 39190K, committed 39488K, reserved 1089536K
  class space    used 5169K, committed 5312K, reserved 1048576K
}
Event: 11.228 GC heap before
{Heap before GC invocations=11 (full 0):
 garbage-first heap   total 65536K, used 48864K [0x0000000080000000, 0x0000000100000000)
  region size 1024K, 23 young (23552K), 3 survivors (3072K)
 Metaspace       used 41360K, committed 41664K, reserved 1089536K
  class space    used 5368K, committed 5504K, reserved 1048576K
}
Event: 11.235 GC heap after
{Heap after GC invocations=12 (full 0):
 garbage-first heap   total 65536K, used 28080K [0x0000000080000000, 0x0000000100000000)
  region size 1024K, 3 young (3072K), 3 survivors (3072K)
 Metaspace       used 41360K, committed 41664K, reserved 1089536K
  class space    used 5368K, committed 5504K, reserved 1048576K
}
Event: 11.627 GC heap before
{Heap before GC invocations=12 (full 0):
 garbage-first heap   total 65536K, used 47536K [0x0000000080000000, 0x0000000100000000)
  region size 1024K, 22 young (22528K), 3 survivors (3072K)
 Metaspace       used 42628K, committed 42944K, reserved 1089536K
  class space    used 5571K, committed 5696K, reserved 1048576K
}
Event: 11.631 GC heap after
{Heap after GC invocations=13 (full 0):
 garbage-first heap   total 65536K, used 30053K [0x0000000080000000, 0x0000000100000000)
  region size 1024K, 2 young (2048K), 2 survivors (2048K)
 Metaspace       used 42628K, committed 42944K, reserved 1089536K
  class space    used 5571K, committed 5696K, reserved 1048576K
}
Event: 12.168 GC heap before
{Heap before GC invocations=13 (full 0):
 garbage-first heap   total 65536K, used 42341K [0x0000000080000000, 0x0000000100000000)
  region size 1024K, 16 young (16384K), 2 survivors (2048K)
 Metaspace       used 44583K, committed 44928K, reserved 1089536K
  class space    used 5866K, committed 6016K, reserved 1048576K
}
Event: 12.171 GC heap after
{Heap after GC invocations=14 (full 0):
 garbage-first heap   total 65536K, used 31170K [0x0000000080000000, 0x0000000100000000)
  region size 1024K, 2 young (2048K), 2 survivors (2048K)
 Metaspace       used 44583K, committed 44928K, reserved 1089536K
  class space    used 5866K, committed 6016K, reserved 1048576K
}
Event: 13.069 GC heap before
{Heap before GC invocations=15 (full 0):
 garbage-first heap   total 65536K, used 50626K [0x0000000080000000, 0x0000000100000000)
  region size 1024K, 20 young (20480K), 2 survivors (2048K)
 Metaspace       used 47443K, committed 47808K, reserved 1097728K
  class space    used 6222K, committed 6400K, reserved 1048576K
}
Event: 13.072 GC heap after
{Heap after GC invocations=16 (full 0):
 garbage-first heap   total 65536K, used 31587K [0x0000000080000000, 0x0000000100000000)
  region size 1024K, 2 young (2048K), 2 survivors (2048K)
 Metaspace       used 47443K, committed 47808K, reserved 1097728K
  class space    used 6222K, committed 6400K, reserved 1048576K
}
Event: 14.218 GC heap before
{Heap before GC invocations=16 (full 0):
 garbage-first heap   total 65536K, used 51043K [0x0000000080000000, 0x0000000100000000)
  region size 1024K, 21 young (21504K), 2 survivors (2048K)
 Metaspace       used 49457K, committed 49856K, reserved 1097728K
  class space    used 6495K, committed 6656K, reserved 1048576K
}
Event: 14.222 GC heap after
{Heap after GC invocations=17 (full 0):
 garbage-first heap   total 65536K, used 33538K [0x0000000080000000, 0x0000000100000000)
  region size 1024K, 3 young (3072K), 3 survivors (3072K)
 Metaspace       used 49457K, committed 49856K, reserved 1097728K
  class space    used 6495K, committed 6656K, reserved 1048576K
}
Event: 14.987 GC heap before
{Heap before GC invocations=18 (full 0):
 garbage-first heap   total 65536K, used 49922K [0x0000000080000000, 0x0000000100000000)
  region size 1024K, 20 young (20480K), 3 survivors (3072K)
 Metaspace       used 50098K, committed 50432K, reserved 1097728K
  class space    used 6569K, committed 6720K, reserved 1048576K
}
Event: 14.991 GC heap after
{Heap after GC invocations=19 (full 0):
 garbage-first heap   total 65536K, used 34803K [0x0000000080000000, 0x0000000100000000)
  region size 1024K, 2 young (2048K), 2 survivors (2048K)
 Metaspace       used 50098K, committed 50432K, reserved 1097728K
  class space    used 6569K, committed 6720K, reserved 1048576K
}
Event: 15.330 GC heap before
{Heap before GC invocations=19 (full 0):
 garbage-first heap   total 65536K, used 39923K [0x0000000080000000, 0x0000000100000000)
  region size 1024K, 9 young (9216K), 2 survivors (2048K)
 Metaspace       used 50373K, committed 50752K, reserved 1097728K
  class space    used 6608K, committed 6784K, reserved 1048576K
}
Event: 15.334 GC heap after
{Heap after GC invocations=20 (full 0):
 garbage-first heap   total 65536K, used 35385K [0x0000000080000000, 0x0000000100000000)
  region size 1024K, 1 young (1024K), 1 survivors (1024K)
 Metaspace       used 50373K, committed 50752K, reserved 1097728K
  class space    used 6608K, committed 6784K, reserved 1048576K
}
Event: 15.446 GC heap before
{Heap before GC invocations=21 (full 0):
 garbage-first heap   total 66560K, used 38457K [0x0000000080000000, 0x0000000100000000)
  region size 1024K, 4 young (4096K), 1 survivors (1024K)
 Metaspace       used 50547K, committed 50944K, reserved 1097728K
  class space    used 6627K, committed 6784K, reserved 1048576K
}
Event: 15.449 GC heap after
{Heap after GC invocations=22 (full 0):
 garbage-first heap   total 66560K, used 38787K [0x0000000080000000, 0x0000000100000000)
  region size 1024K, 3 young (3072K), 3 survivors (3072K)
 Metaspace       used 50547K, committed 50944K, reserved 1097728K
  class space    used 6627K, committed 6784K, reserved 1048576K
}
Event: 15.696 GC heap before
{Heap before GC invocations=23 (full 0):
 garbage-first heap   total 71680K, used 41859K [0x0000000080000000, 0x0000000100000000)
  region size 1024K, 6 young (6144K), 3 survivors (3072K)
 Metaspace       used 50565K, committed 50944K, reserved 1097728K
  class space    used 6627K, committed 6784K, reserved 1048576K
}
Event: 15.699 GC heap after
{Heap after GC invocations=24 (full 0):
 garbage-first heap   total 71680K, used 41202K [0x0000000080000000, 0x0000000100000000)
  region size 1024K, 2 young (2048K), 2 survivors (2048K)
 Metaspace       used 50565K, committed 50944K, reserved 1097728K
  class space    used 6627K, committed 6784K, reserved 1048576K
}

